<?xml version="1.0" encoding="UTF-8"?>
<!-- Generated by org.testng.reporters.JUnitReportReporter -->
<testsuite hostname="Praveen" failures="0" tests="1" name="com.utiba.qa.testcases.FirstTest" time="3.230" errors="0" timestamp="22 May 2022 16:50:21 GMT" skipped="0">
  <testcase classname="com.utiba.qa.testcases.FirstTest" name="CreateUser" time="3.230"/>
</testsuite> <!-- com.utiba.qa.testcases.FirstTest -->
